This file contains any messages produced by compilers while
running configure, to aid debugging if configure makes a mistake.

It was created by TimeManagement configure 1.0, which was
generated by GNU Autoconf 2.68.  Invocation command line was

  $ ./configure 

## --------- ##
## Platform. ##
## --------- ##

hostname = tinfoil
uname -m = x86_64
uname -r = 3.7.9-104.fc17.x86_64
uname -s = Linux
uname -v = #1 SMP Sun Feb 24 19:19:12 UTC 2013

/usr/bin/uname -p = x86_64
/bin/uname -X     = unknown

/bin/arch              = x86_64
/usr/bin/arch -k       = unknown
/usr/convex/getsysinfo = unknown
/usr/bin/hostinfo      = unknown
/bin/machine           = unknown
/usr/bin/oslevel       = unknown
/bin/universe          = unknown

PATH: /usr/lib64/qt-3.3/bin
PATH: /usr/local/bin
PATH: /usr/bin
PATH: /bin
PATH: /usr/local/sbin
PATH: /usr/sbin
PATH: /home/djuliano/.local/bin
PATH: /home/djuliano/bin
PATH: /home/djuliano/dev/tool/ant/bin
PATH: /home/djuliano/dev/tool/springsource/apache-maven-3.0.3/bin
PATH: /home/djuliano/dev/tool/gradle-1.1/bin
PATH: /home/djuliano/dev/tool/groovy-2.0.1/bin


## ----------- ##
## Core tests. ##
## ----------- ##

configure:2133: checking for a BSD-compatible install
configure:2201: result: /usr/bin/install -c
configure:2212: checking whether build environment is sane
configure:2262: result: yes
configure:2403: checking for a thread-safe mkdir -p
configure:2442: result: /usr/bin/mkdir -p
configure:2455: checking for gawk
configure:2471: found /usr/bin/gawk
configure:2482: result: gawk
configure:2493: checking whether make sets $(MAKE)
configure:2515: result: yes
configure:2607: checking for style of include used by make
configure:2635: result: GNU
configure:2706: checking for gcc
configure:2722: found /usr/bin/gcc
configure:2733: result: gcc
configure:2962: checking for C compiler version
configure:2971: gcc --version >&5
gcc (GCC) 4.7.2 20120921 (Red Hat 4.7.2-2)
Copyright (C) 2012 Free Software Foundation, Inc.
This is free software; see the source for copying conditions.  There is NO
warranty; not even for MERCHANTABILITY or FITNESS FOR A PARTICULAR PURPOSE.

configure:2982: $? = 0
configure:2971: gcc -v >&5
Using built-in specs.
COLLECT_GCC=gcc
COLLECT_LTO_WRAPPER=/usr/libexec/gcc/x86_64-redhat-linux/4.7.2/lto-wrapper
Target: x86_64-redhat-linux
Configured with: ../configure --prefix=/usr --mandir=/usr/share/man --infodir=/usr/share/info --with-bugurl=http://bugzilla.redhat.com/bugzilla --enable-bootstrap --enable-shared --enable-threads=posix --enable-checking=release --disable-build-with-cxx --disable-build-poststage1-with-cxx --with-system-zlib --enable-__cxa_atexit --disable-libunwind-exceptions --enable-gnu-unique-object --enable-linker-build-id --with-linker-hash-style=gnu --enable-languages=c,c++,objc,obj-c++,java,fortran,ada,go,lto --enable-plugin --enable-initfini-array --enable-java-awt=gtk --disable-dssi --with-java-home=/usr/lib/jvm/java-1.5.0-gcj-1.5.0.0/jre --enable-libgcj-multifile --enable-java-maintainer-mode --with-ecj-jar=/usr/share/java/eclipse-ecj.jar --disable-libjava-multilib --with-ppl --with-cloog --with-tune=generic --with-arch_32=i686 --build=x86_64-redhat-linux
Thread model: posix
gcc version 4.7.2 20120921 (Red Hat 4.7.2-2) (GCC) 
configure:2982: $? = 0
configure:2971: gcc -V >&5
gcc: error: unrecognized command line option '-V'
gcc: fatal error: no input files
compilation terminated.
configure:2982: $? = 4
configure:2971: gcc -qversion >&5
gcc: error: unrecognized command line option '-qversion'
gcc: fatal error: no input files
compilation terminated.
configure:2982: $? = 4
configure:3002: checking whether the C compiler works
configure:3024: gcc    conftest.c  >&5
configure:3028: $? = 0
configure:3076: result: yes
configure:3079: checking for C compiler default output file name
configure:3081: result: a.out
configure:3087: checking for suffix of executables
configure:3094: gcc -o conftest    conftest.c  >&5
configure:3098: $? = 0
configure:3120: result: 
configure:3142: checking whether we are cross compiling
configure:3150: gcc -o conftest    conftest.c  >&5
configure:3154: $? = 0
configure:3161: ./conftest
configure:3165: $? = 0
configure:3180: result: no
configure:3185: checking for suffix of object files
configure:3207: gcc -c   conftest.c >&5
configure:3211: $? = 0
configure:3232: result: o
configure:3236: checking whether we are using the GNU C compiler
configure:3255: gcc -c   conftest.c >&5
configure:3255: $? = 0
configure:3264: result: yes
configure:3273: checking whether gcc accepts -g
configure:3293: gcc -c -g  conftest.c >&5
configure:3293: $? = 0
configure:3334: result: yes
configure:3351: checking for gcc option to accept ISO C89
configure:3415: gcc  -c -g -O2  conftest.c >&5
configure:3415: $? = 0
configure:3428: result: none needed
configure:3450: checking dependency style of gcc
configure:3561: result: gcc3
configure:3582: checking how to run the C preprocessor
configure:3613: gcc -E  conftest.c
configure:3613: $? = 0
configure:3627: gcc -E  conftest.c
conftest.c:11:28: fatal error: ac_nonexistent.h: No such file or directory
compilation terminated.
configure:3627: $? = 1
configure: failed program was:
| /* confdefs.h */
| #define PACKAGE_NAME "TimeManagement"
| #define PACKAGE_TARNAME "timemanagement"
| #define PACKAGE_VERSION "1.0"
| #define PACKAGE_STRING "TimeManagement 1.0"
| #define PACKAGE_BUGREPORT ""
| #define PACKAGE_URL ""
| #define PACKAGE "timemanagement"
| #define VERSION "1.0"
| /* end confdefs.h.  */
| #include <ac_nonexistent.h>
configure:3652: result: gcc -E
configure:3672: gcc -E  conftest.c
configure:3672: $? = 0
configure:3686: gcc -E  conftest.c
conftest.c:11:28: fatal error: ac_nonexistent.h: No such file or directory
compilation terminated.
configure:3686: $? = 1
configure: failed program was:
| /* confdefs.h */
| #define PACKAGE_NAME "TimeManagement"
| #define PACKAGE_TARNAME "timemanagement"
| #define PACKAGE_VERSION "1.0"
| #define PACKAGE_STRING "TimeManagement 1.0"
| #define PACKAGE_BUGREPORT ""
| #define PACKAGE_URL ""
| #define PACKAGE "timemanagement"
| #define VERSION "1.0"
| /* end confdefs.h.  */
| #include <ac_nonexistent.h>
configure:3715: checking for grep that handles long lines and -e
configure:3773: result: /usr/bin/grep
configure:3778: checking for egrep
configure:3840: result: /usr/bin/grep -E
configure:3845: checking for ANSI C header files
configure:3865: gcc -c -g -O2  conftest.c >&5
configure:3865: $? = 0
configure:3938: gcc -o conftest -g -O2   conftest.c  >&5
configure:3938: $? = 0
configure:3938: ./conftest
configure:3938: $? = 0
configure:3949: result: yes
configure:3962: checking for sys/types.h
configure:3962: gcc -c -g -O2  conftest.c >&5
configure:3962: $? = 0
configure:3962: result: yes
configure:3962: checking for sys/stat.h
configure:3962: gcc -c -g -O2  conftest.c >&5
configure:3962: $? = 0
configure:3962: result: yes
configure:3962: checking for stdlib.h
configure:3962: gcc -c -g -O2  conftest.c >&5
configure:3962: $? = 0
configure:3962: result: yes
configure:3962: checking for string.h
configure:3962: gcc -c -g -O2  conftest.c >&5
configure:3962: $? = 0
configure:3962: result: yes
configure:3962: checking for memory.h
configure:3962: gcc -c -g -O2  conftest.c >&5
configure:3962: $? = 0
configure:3962: result: yes
configure:3962: checking for strings.h
configure:3962: gcc -c -g -O2  conftest.c >&5
configure:3962: $? = 0
configure:3962: result: yes
configure:3962: checking for inttypes.h
configure:3962: gcc -c -g -O2  conftest.c >&5
configure:3962: $? = 0
configure:3962: result: yes
configure:3962: checking for stdint.h
configure:3962: gcc -c -g -O2  conftest.c >&5
configure:3962: $? = 0
configure:3962: result: yes
configure:3962: checking for unistd.h
configure:3962: gcc -c -g -O2  conftest.c >&5
configure:3962: $? = 0
configure:3962: result: yes
configure:3975: WARNING: AM_PATH_CHECK() is deprecated
configure:3977: WARNING: use PKG_CHECK_MODULES([CHECK], [check >= 0.9.4]) instead
configure:3988: checking for check - version >= 0.8.2
configure:4063: gcc -c -g -O2   conftest.c >&5
configure:4063: $? = 0
configure:4074: result: yes
configure:4184: checking for gcc
configure:4211: result: gcc
configure:4440: checking for C compiler version
configure:4449: gcc --version >&5
gcc (GCC) 4.7.2 20120921 (Red Hat 4.7.2-2)
Copyright (C) 2012 Free Software Foundation, Inc.
This is free software; see the source for copying conditions.  There is NO
warranty; not even for MERCHANTABILITY or FITNESS FOR A PARTICULAR PURPOSE.

configure:4460: $? = 0
configure:4449: gcc -v >&5
Using built-in specs.
COLLECT_GCC=gcc
COLLECT_LTO_WRAPPER=/usr/libexec/gcc/x86_64-redhat-linux/4.7.2/lto-wrapper
Target: x86_64-redhat-linux
Configured with: ../configure --prefix=/usr --mandir=/usr/share/man --infodir=/usr/share/info --with-bugurl=http://bugzilla.redhat.com/bugzilla --enable-bootstrap --enable-shared --enable-threads=posix --enable-checking=release --disable-build-with-cxx --disable-build-poststage1-with-cxx --with-system-zlib --enable-__cxa_atexit --disable-libunwind-exceptions --enable-gnu-unique-object --enable-linker-build-id --with-linker-hash-style=gnu --enable-languages=c,c++,objc,obj-c++,java,fortran,ada,go,lto --enable-plugin --enable-initfini-array --enable-java-awt=gtk --disable-dssi --with-java-home=/usr/lib/jvm/java-1.5.0-gcj-1.5.0.0/jre --enable-libgcj-multifile --enable-java-maintainer-mode --with-ecj-jar=/usr/share/java/eclipse-ecj.jar --disable-libjava-multilib --with-ppl --with-cloog --with-tune=generic --with-arch_32=i686 --build=x86_64-redhat-linux
Thread model: posix
gcc version 4.7.2 20120921 (Red Hat 4.7.2-2) (GCC) 
configure:4460: $? = 0
configure:4449: gcc -V >&5
gcc: error: unrecognized command line option '-V'
gcc: fatal error: no input files
compilation terminated.
configure:4460: $? = 4
configure:4449: gcc -qversion >&5
gcc: error: unrecognized command line option '-qversion'
gcc: fatal error: no input files
compilation terminated.
configure:4460: $? = 4
configure:4464: checking whether we are using the GNU C compiler
configure:4492: result: yes
configure:4501: checking whether gcc accepts -g
configure:4562: result: yes
configure:4579: checking for gcc option to accept ISO C89
configure:4656: result: none needed
configure:4678: checking dependency style of gcc
configure:4789: result: gcc3
configure:4833: checking build system type
configure:4847: result: x86_64-unknown-linux-gnu
configure:4867: checking host system type
configure:4880: result: x86_64-unknown-linux-gnu
configure:4921: checking how to print strings
configure:4948: result: printf
configure:4969: checking for a sed that does not truncate output
configure:5033: result: /usr/bin/sed
configure:5051: checking for fgrep
configure:5113: result: /usr/bin/grep -F
configure:5148: checking for ld used by gcc
configure:5215: result: /usr/bin/ld
configure:5222: checking if the linker (/usr/bin/ld) is GNU ld
configure:5237: result: yes
configure:5249: checking for BSD- or MS-compatible name lister (nm)
configure:5298: result: /usr/bin/nm -B
configure:5428: checking the name lister (/usr/bin/nm -B) interface
configure:5435: gcc -c -g -O2  conftest.c >&5
configure:5438: /usr/bin/nm -B "conftest.o"
configure:5441: output
0000000000000000 B some_variable
configure:5448: result: BSD nm
configure:5451: checking whether ln -s works
configure:5455: result: yes
configure:5463: checking the maximum length of command line arguments
configure:5593: result: 1572864
configure:5610: checking whether the shell understands some XSI constructs
configure:5620: result: yes
configure:5624: checking whether the shell understands "+="
configure:5630: result: yes
configure:5665: checking how to convert x86_64-unknown-linux-gnu file names to x86_64-unknown-linux-gnu format
configure:5705: result: func_convert_file_noop
configure:5712: checking how to convert x86_64-unknown-linux-gnu file names to toolchain format
configure:5732: result: func_convert_file_noop
configure:5739: checking for /usr/bin/ld option to reload object files
configure:5746: result: -r
configure:5820: checking for objdump
configure:5836: found /usr/bin/objdump
configure:5847: result: objdump
configure:5879: checking how to recognize dependent libraries
configure:6081: result: pass_all
configure:6166: checking for dlltool
configure:6196: result: no
configure:6226: checking how to associate runtime and link libraries
configure:6253: result: printf %s\n
configure:6313: checking for ar
configure:6329: found /usr/bin/ar
configure:6340: result: ar
configure:6377: checking for archiver @FILE support
configure:6394: gcc -c -g -O2  conftest.c >&5
configure:6394: $? = 0
configure:6397: ar cru libconftest.a @conftest.lst >&5
configure:6400: $? = 0
configure:6405: ar cru libconftest.a @conftest.lst >&5
ar: conftest.o: No such file or directory
configure:6408: $? = 1
configure:6420: result: @
configure:6478: checking for strip
configure:6494: found /usr/bin/strip
configure:6505: result: strip
configure:6577: checking for ranlib
configure:6593: found /usr/bin/ranlib
configure:6604: result: ranlib
configure:6706: checking command to parse /usr/bin/nm -B output from gcc object
configure:6826: gcc -c -g -O2  conftest.c >&5
configure:6829: $? = 0
configure:6833: /usr/bin/nm -B conftest.o \| sed -n -e 's/^.*[ ]\([ABCDGIRSTW][ABCDGIRSTW]*\)[ ][ ]*\([_A-Za-z][_A-Za-z0-9]*\)$/\1 \2 \2/p' | sed '/ __gnu_lto/d' \> conftest.nm
configure:6836: $? = 0
configure:6902: gcc -o conftest -g -O2   conftest.c conftstm.o >&5
configure:6905: $? = 0
configure:6943: result: ok
configure:6980: checking for sysroot
configure:7010: result: no
configure:7087: gcc -c -g -O2  conftest.c >&5
configure:7090: $? = 0
configure:7266: checking for mt
configure:7296: result: no
configure:7316: checking if : is a manifest tool
configure:7322: : '-?'
configure:7330: result: no
configure:7969: checking for dlfcn.h
configure:7969: gcc -c -g -O2  conftest.c >&5
configure:7969: $? = 0
configure:7969: result: yes
configure:8175: checking for objdir
configure:8190: result: .libs
configure:8457: checking if gcc supports -fno-rtti -fno-exceptions
configure:8475: gcc -c -g -O2  -fno-rtti -fno-exceptions conftest.c >&5
cc1: warning: command line option '-fno-rtti' is valid for C++/ObjC++ but not for C [enabled by default]
configure:8479: $? = 0
configure:8492: result: no
configure:8819: checking for gcc option to produce PIC
configure:8826: result: -fPIC -DPIC
configure:8834: checking if gcc PIC flag -fPIC -DPIC works
configure:8852: gcc -c -g -O2  -fPIC -DPIC -DPIC conftest.c >&5
configure:8856: $? = 0
configure:8869: result: yes
configure:8898: checking if gcc static flag -static works
configure:8926: result: no
configure:8941: checking if gcc supports -c -o file.o
configure:8962: gcc -c -g -O2  -o out/conftest2.o conftest.c >&5
configure:8966: $? = 0
configure:8988: result: yes
configure:8996: checking if gcc supports -c -o file.o
configure:9043: result: yes
configure:9076: checking whether the gcc linker (/usr/bin/ld -m elf_x86_64) supports shared libraries
configure:10229: result: yes
configure:10266: checking whether -lc should be explicitly linked in
configure:10274: gcc -c -g -O2  conftest.c >&5
configure:10277: $? = 0
configure:10292: gcc -shared  -fPIC -DPIC conftest.o  -v -Wl,-soname -Wl,conftest -o conftest 2\>\&1 \| /usr/bin/grep  -lc  \>/dev/null 2\>\&1
configure:10295: $? = 0
configure:10309: result: no
configure:10469: checking dynamic linker characteristics
configure:10980: gcc -o conftest -g -O2   -Wl,-rpath -Wl,/foo conftest.c  >&5
configure:10980: $? = 0
configure:11206: result: GNU/Linux ld.so
configure:11313: checking how to hardcode library paths into programs
configure:11338: result: immediate
configure:11878: checking whether stripping libraries is possible
configure:11883: result: yes
configure:11918: checking if libtool supports shared libraries
configure:11920: result: yes
configure:11923: checking whether to build shared libraries
configure:11944: result: yes
configure:11947: checking whether to build static libraries
configure:11951: result: yes
configure:12162: creating ./config.status

## ---------------------- ##
## Running config.status. ##
## ---------------------- ##

This file was extended by TimeManagement config.status 1.0, which was
generated by GNU Autoconf 2.68.  Invocation command line was

  CONFIG_FILES    = 
  CONFIG_HEADERS  = 
  CONFIG_LINKS    = 
  CONFIG_COMMANDS = 
  $ ./config.status 

on tinfoil

config.status:1016: creating Makefile
config.status:1016: creating lib/Makefile
config.status:1016: creating src/Makefile
config.status:1016: creating tests/Makefile
config.status:1188: executing depfiles commands
config.status:1188: executing libtool commands

## ---------------- ##
## Cache variables. ##
## ---------------- ##

ac_cv_build=x86_64-unknown-linux-gnu
ac_cv_c_compiler_gnu=yes
ac_cv_env_CC_set=
ac_cv_env_CC_value=
ac_cv_env_CFLAGS_set=
ac_cv_env_CFLAGS_value=
ac_cv_env_CPPFLAGS_set=
ac_cv_env_CPPFLAGS_value=
ac_cv_env_CPP_set=
ac_cv_env_CPP_value=
ac_cv_env_LDFLAGS_set=
ac_cv_env_LDFLAGS_value=
ac_cv_env_LIBS_set=
ac_cv_env_LIBS_value=
ac_cv_env_build_alias_set=
ac_cv_env_build_alias_value=
ac_cv_env_host_alias_set=
ac_cv_env_host_alias_value=
ac_cv_env_target_alias_set=
ac_cv_env_target_alias_value=
ac_cv_header_dlfcn_h=yes
ac_cv_header_inttypes_h=yes
ac_cv_header_memory_h=yes
ac_cv_header_stdc=yes
ac_cv_header_stdint_h=yes
ac_cv_header_stdlib_h=yes
ac_cv_header_string_h=yes
ac_cv_header_strings_h=yes
ac_cv_header_sys_stat_h=yes
ac_cv_header_sys_types_h=yes
ac_cv_header_unistd_h=yes
ac_cv_host=x86_64-unknown-linux-gnu
ac_cv_objext=o
ac_cv_path_EGREP='/usr/bin/grep -E'
ac_cv_path_FGREP='/usr/bin/grep -F'
ac_cv_path_GREP=/usr/bin/grep
ac_cv_path_SED=/usr/bin/sed
ac_cv_path_install='/usr/bin/install -c'
ac_cv_path_mkdir=/usr/bin/mkdir
ac_cv_prog_AWK=gawk
ac_cv_prog_CPP='gcc -E'
ac_cv_prog_ac_ct_AR=ar
ac_cv_prog_ac_ct_CC=gcc
ac_cv_prog_ac_ct_OBJDUMP=objdump
ac_cv_prog_ac_ct_RANLIB=ranlib
ac_cv_prog_ac_ct_STRIP=strip
ac_cv_prog_cc_c89=
ac_cv_prog_cc_g=yes
ac_cv_prog_make_make_set=yes
am_cv_CC_dependencies_compiler_type=gcc3
lt_cv_ar_at_file=@
lt_cv_archive_cmds_need_lc=no
lt_cv_deplibs_check_method=pass_all
lt_cv_file_magic_cmd='$MAGIC_CMD'
lt_cv_file_magic_test_file=
lt_cv_ld_reload_flag=-r
lt_cv_nm_interface='BSD nm'
lt_cv_objdir=.libs
lt_cv_path_LD=/usr/bin/ld
lt_cv_path_NM='/usr/bin/nm -B'
lt_cv_path_mainfest_tool=no
lt_cv_prog_compiler_c_o=yes
lt_cv_prog_compiler_pic='-fPIC -DPIC'
lt_cv_prog_compiler_pic_works=yes
lt_cv_prog_compiler_rtti_exceptions=no
lt_cv_prog_compiler_static_works=no
lt_cv_prog_gnu_ld=yes
lt_cv_sharedlib_from_linklib_cmd='printf %s\n'
lt_cv_shlibpath_overrides_runpath=no
lt_cv_sys_global_symbol_pipe='sed -n -e '\''s/^.*[	 ]\([ABCDGIRSTW][ABCDGIRSTW]*\)[	 ][	 ]*\([_A-Za-z][_A-Za-z0-9]*\)$/\1 \2 \2/p'\'' | sed '\''/ __gnu_lto/d'\'''
lt_cv_sys_global_symbol_to_c_name_address='sed -n -e '\''s/^: \([^ ]*\)[ ]*$/  {\"\1\", (void *) 0},/p'\'' -e '\''s/^[ABCDGIRSTW]* \([^ ]*\) \([^ ]*\)$/  {"\2", (void *) \&\2},/p'\'''
lt_cv_sys_global_symbol_to_c_name_address_lib_prefix='sed -n -e '\''s/^: \([^ ]*\)[ ]*$/  {\"\1\", (void *) 0},/p'\'' -e '\''s/^[ABCDGIRSTW]* \([^ ]*\) \(lib[^ ]*\)$/  {"\2", (void *) \&\2},/p'\'' -e '\''s/^[ABCDGIRSTW]* \([^ ]*\) \([^ ]*\)$/  {"lib\2", (void *) \&\2},/p'\'''
lt_cv_sys_global_symbol_to_cdecl='sed -n -e '\''s/^T .* \(.*\)$/extern int \1();/p'\'' -e '\''s/^[ABCDGIRSTW]* .* \(.*\)$/extern char \1;/p'\'''
lt_cv_sys_max_cmd_len=1572864
lt_cv_to_host_file_cmd=func_convert_file_noop
lt_cv_to_tool_file_cmd=func_convert_file_noop

## ----------------- ##
## Output variables. ##
## ----------------- ##

ACLOCAL='${SHELL} /home/djuliano/dev/source/CExamples/CLIExamples/CLIExample1/build-aux/missing --run aclocal-1.11'
AMDEPBACKSLASH='\'
AMDEP_FALSE='#'
AMDEP_TRUE=''
AMTAR='$${TAR-tar}'
AR='ar'
AUTOCONF='${SHELL} /home/djuliano/dev/source/CExamples/CLIExamples/CLIExample1/build-aux/missing --run autoconf'
AUTOHEADER='${SHELL} /home/djuliano/dev/source/CExamples/CLIExamples/CLIExample1/build-aux/missing --run autoheader'
AUTOMAKE='${SHELL} /home/djuliano/dev/source/CExamples/CLIExamples/CLIExample1/build-aux/missing --run automake-1.11'
AWK='gawk'
CC='gcc'
CCDEPMODE='depmode=gcc3'
CFLAGS='-g -O2'
CHECK_CFLAGS=''
CHECK_LIBS='-lcheck'
CPP='gcc -E'
CPPFLAGS=''
CYGPATH_W='echo'
DEFS='-DPACKAGE_NAME=\"TimeManagement\" -DPACKAGE_TARNAME=\"timemanagement\" -DPACKAGE_VERSION=\"1.0\" -DPACKAGE_STRING=\"TimeManagement\ 1.0\" -DPACKAGE_BUGREPORT=\"\" -DPACKAGE_URL=\"\" -DPACKAGE=\"timemanagement\" -DVERSION=\"1.0\" -DSTDC_HEADERS=1 -DHAVE_SYS_TYPES_H=1 -DHAVE_SYS_STAT_H=1 -DHAVE_STDLIB_H=1 -DHAVE_STRING_H=1 -DHAVE_MEMORY_H=1 -DHAVE_STRINGS_H=1 -DHAVE_INTTYPES_H=1 -DHAVE_STDINT_H=1 -DHAVE_UNISTD_H=1 -DHAVE_DLFCN_H=1 -DLT_OBJDIR=\".libs/\"'
DEPDIR='.deps'
DLLTOOL='false'
DSYMUTIL=''
DUMPBIN=''
ECHO_C=''
ECHO_N='-n'
ECHO_T=''
EGREP='/usr/bin/grep -E'
EXEEXT=''
FGREP='/usr/bin/grep -F'
GREP='/usr/bin/grep'
INSTALL_DATA='${INSTALL} -m 644'
INSTALL_PROGRAM='${INSTALL}'
INSTALL_SCRIPT='${INSTALL}'
INSTALL_STRIP_PROGRAM='$(install_sh) -c -s'
LD='/usr/bin/ld -m elf_x86_64'
LDFLAGS=''
LIBOBJS=''
LIBS=''
LIBTOOL='$(SHELL) $(top_builddir)/libtool'
LIPO=''
LN_S='ln -s'
LTLIBOBJS=''
MAKEINFO='${SHELL} /home/djuliano/dev/source/CExamples/CLIExamples/CLIExample1/build-aux/missing --run makeinfo'
MANIFEST_TOOL=':'
MKDIR_P='/usr/bin/mkdir -p'
NM='/usr/bin/nm -B'
NMEDIT=''
OBJDUMP='objdump'
OBJEXT='o'
OTOOL64=''
OTOOL=''
PACKAGE='timemanagement'
PACKAGE_BUGREPORT=''
PACKAGE_NAME='TimeManagement'
PACKAGE_STRING='TimeManagement 1.0'
PACKAGE_TARNAME='timemanagement'
PACKAGE_URL=''
PACKAGE_VERSION='1.0'
PATH_SEPARATOR=':'
RANLIB='ranlib'
SED='/usr/bin/sed'
SET_MAKE=''
SHELL='/bin/sh'
STRIP='strip'
VERSION='1.0'
ac_ct_AR='ar'
ac_ct_CC='gcc'
ac_ct_DUMPBIN=''
am__EXEEXT_FALSE=''
am__EXEEXT_TRUE='#'
am__fastdepCC_FALSE='#'
am__fastdepCC_TRUE=''
am__include='include'
am__isrc=''
am__leading_dot='.'
am__nodep='_no'
am__quote=''
am__tar='$${TAR-tar} chof - "$$tardir"'
am__untar='$${TAR-tar} xf -'
bindir='${exec_prefix}/bin'
build='x86_64-unknown-linux-gnu'
build_alias=''
build_cpu='x86_64'
build_os='linux-gnu'
build_vendor='unknown'
datadir='${datarootdir}'
datarootdir='${prefix}/share'
docdir='${datarootdir}/doc/${PACKAGE_TARNAME}'
dvidir='${docdir}'
exec_prefix='${prefix}'
host='x86_64-unknown-linux-gnu'
host_alias=''
host_cpu='x86_64'
host_os='linux-gnu'
host_vendor='unknown'
htmldir='${docdir}'
includedir='${prefix}/include'
infodir='${datarootdir}/info'
install_sh='${SHELL} /home/djuliano/dev/source/CExamples/CLIExamples/CLIExample1/build-aux/install-sh'
libdir='${exec_prefix}/lib'
libexecdir='${exec_prefix}/libexec'
localedir='${datarootdir}/locale'
localstatedir='${prefix}/var'
mandir='${datarootdir}/man'
mkdir_p='/usr/bin/mkdir -p'
oldincludedir='/usr/include'
pdfdir='${docdir}'
prefix='/usr/local'
program_transform_name='s,x,x,'
psdir='${docdir}'
sbindir='${exec_prefix}/sbin'
sharedstatedir='${prefix}/com'
sysconfdir='${prefix}/etc'
target_alias=''

## ----------- ##
## confdefs.h. ##
## ----------- ##

/* confdefs.h */
#define PACKAGE_NAME "TimeManagement"
#define PACKAGE_TARNAME "timemanagement"
#define PACKAGE_VERSION "1.0"
#define PACKAGE_STRING "TimeManagement 1.0"
#define PACKAGE_BUGREPORT ""
#define PACKAGE_URL ""
#define PACKAGE "timemanagement"
#define VERSION "1.0"
#define STDC_HEADERS 1
#define HAVE_SYS_TYPES_H 1
#define HAVE_SYS_STAT_H 1
#define HAVE_STDLIB_H 1
#define HAVE_STRING_H 1
#define HAVE_MEMORY_H 1
#define HAVE_STRINGS_H 1
#define HAVE_INTTYPES_H 1
#define HAVE_STDINT_H 1
#define HAVE_UNISTD_H 1
#define HAVE_DLFCN_H 1
#define LT_OBJDIR ".libs/"

configure: exit 0
