This file contains any messages produced by compilers while
running configure, to aid debugging if configure makes a mistake.

It was created by MakeExample configure 1.0, which was
generated by GNU Autoconf 2.68.  Invocation command line was

  $ ./configure 

## --------- ##
## Platform. ##
## --------- ##

hostname = tinfoil
uname -m = x86_64
uname -r = 3.7.6-102.fc17.x86_64
uname -s = Linux
uname -v = #1 SMP Mon Feb 4 17:40:25 UTC 2013

/usr/bin/uname -p = x86_64
/bin/uname -X     = unknown

/bin/arch              = x86_64
/usr/bin/arch -k       = unknown
/usr/convex/getsysinfo = unknown
/usr/bin/hostinfo      = unknown
/bin/machine           = unknown
/usr/bin/oslevel       = unknown
/bin/universe          = unknown

PATH: /usr/lib64/qt-3.3/bin
PATH: /usr/local/bin
PATH: /usr/bin
PATH: /bin
PATH: /usr/local/sbin
PATH: /usr/sbin
PATH: /home/djuliano/.local/bin
PATH: /home/djuliano/bin
PATH: /home/djuliano/dev/tool/ant/bin
PATH: /home/djuliano/dev/tool/springsource/apache-maven-3.0.3/bin
PATH: /home/djuliano/dev/tool/gradle-1.1/bin
PATH: /home/djuliano/dev/tool/groovy-2.0.1/bin


## ----------- ##
## Core tests. ##
## ----------- ##

configure:2129: checking for a BSD-compatible install
configure:2197: result: /usr/bin/install -c
configure:2208: checking whether build environment is sane
configure:2258: result: yes
configure:2399: checking for a thread-safe mkdir -p
configure:2438: result: /usr/bin/mkdir -p
configure:2451: checking for gawk
configure:2467: found /usr/bin/gawk
configure:2478: result: gawk
configure:2489: checking whether make sets $(MAKE)
configure:2511: result: yes
configure:2639: checking for gcc
configure:2655: found /usr/bin/gcc
configure:2666: result: gcc
configure:2895: checking for C compiler version
configure:2904: gcc --version >&5
gcc (GCC) 4.7.2 20120921 (Red Hat 4.7.2-2)
Copyright (C) 2012 Free Software Foundation, Inc.
This is free software; see the source for copying conditions.  There is NO
warranty; not even for MERCHANTABILITY or FITNESS FOR A PARTICULAR PURPOSE.

configure:2915: $? = 0
configure:2904: gcc -v >&5
Using built-in specs.
COLLECT_GCC=gcc
COLLECT_LTO_WRAPPER=/usr/libexec/gcc/x86_64-redhat-linux/4.7.2/lto-wrapper
Target: x86_64-redhat-linux
Configured with: ../configure --prefix=/usr --mandir=/usr/share/man --infodir=/usr/share/info --with-bugurl=http://bugzilla.redhat.com/bugzilla --enable-bootstrap --enable-shared --enable-threads=posix --enable-checking=release --disable-build-with-cxx --disable-build-poststage1-with-cxx --with-system-zlib --enable-__cxa_atexit --disable-libunwind-exceptions --enable-gnu-unique-object --enable-linker-build-id --with-linker-hash-style=gnu --enable-languages=c,c++,objc,obj-c++,java,fortran,ada,go,lto --enable-plugin --enable-initfini-array --enable-java-awt=gtk --disable-dssi --with-java-home=/usr/lib/jvm/java-1.5.0-gcj-1.5.0.0/jre --enable-libgcj-multifile --enable-java-maintainer-mode --with-ecj-jar=/usr/share/java/eclipse-ecj.jar --disable-libjava-multilib --with-ppl --with-cloog --with-tune=generic --with-arch_32=i686 --build=x86_64-redhat-linux
Thread model: posix
gcc version 4.7.2 20120921 (Red Hat 4.7.2-2) (GCC) 
configure:2915: $? = 0
configure:2904: gcc -V >&5
gcc: error: unrecognized command line option '-V'
gcc: fatal error: no input files
compilation terminated.
configure:2915: $? = 4
configure:2904: gcc -qversion >&5
gcc: error: unrecognized command line option '-qversion'
gcc: fatal error: no input files
compilation terminated.
configure:2915: $? = 4
configure:2935: checking whether the C compiler works
configure:2957: gcc    conftest.c  >&5
configure:2961: $? = 0
configure:3009: result: yes
configure:3012: checking for C compiler default output file name
configure:3014: result: a.out
configure:3020: checking for suffix of executables
configure:3027: gcc -o conftest    conftest.c  >&5
configure:3031: $? = 0
configure:3053: result: 
configure:3075: checking whether we are cross compiling
configure:3083: gcc -o conftest    conftest.c  >&5
configure:3087: $? = 0
configure:3094: ./conftest
configure:3098: $? = 0
configure:3113: result: no
configure:3118: checking for suffix of object files
configure:3140: gcc -c   conftest.c >&5
configure:3144: $? = 0
configure:3165: result: o
configure:3169: checking whether we are using the GNU C compiler
configure:3188: gcc -c   conftest.c >&5
configure:3188: $? = 0
configure:3197: result: yes
configure:3206: checking whether gcc accepts -g
configure:3226: gcc -c -g  conftest.c >&5
configure:3226: $? = 0
configure:3267: result: yes
configure:3284: checking for gcc option to accept ISO C89
configure:3348: gcc  -c -g -O2  conftest.c >&5
configure:3348: $? = 0
configure:3361: result: none needed
configure:3392: checking for style of include used by make
configure:3420: result: GNU
configure:3446: checking dependency style of gcc
configure:3557: result: gcc3
configure:3601: checking build system type
configure:3615: result: x86_64-unknown-linux-gnu
configure:3635: checking host system type
configure:3648: result: x86_64-unknown-linux-gnu
configure:3689: checking how to print strings
configure:3716: result: printf
configure:3737: checking for a sed that does not truncate output
configure:3801: result: /usr/bin/sed
configure:3819: checking for grep that handles long lines and -e
configure:3877: result: /usr/bin/grep
configure:3882: checking for egrep
configure:3944: result: /usr/bin/grep -E
configure:3949: checking for fgrep
configure:4011: result: /usr/bin/grep -F
configure:4046: checking for ld used by gcc
configure:4113: result: /usr/bin/ld
configure:4120: checking if the linker (/usr/bin/ld) is GNU ld
configure:4135: result: yes
configure:4147: checking for BSD- or MS-compatible name lister (nm)
configure:4196: result: /usr/bin/nm -B
configure:4326: checking the name lister (/usr/bin/nm -B) interface
configure:4333: gcc -c -g -O2  conftest.c >&5
configure:4336: /usr/bin/nm -B "conftest.o"
configure:4339: output
0000000000000000 B some_variable
configure:4346: result: BSD nm
configure:4349: checking whether ln -s works
configure:4353: result: yes
configure:4361: checking the maximum length of command line arguments
configure:4491: result: 1572864
configure:4508: checking whether the shell understands some XSI constructs
configure:4518: result: yes
configure:4522: checking whether the shell understands "+="
configure:4528: result: yes
configure:4563: checking how to convert x86_64-unknown-linux-gnu file names to x86_64-unknown-linux-gnu format
configure:4603: result: func_convert_file_noop
configure:4610: checking how to convert x86_64-unknown-linux-gnu file names to toolchain format
configure:4630: result: func_convert_file_noop
configure:4637: checking for /usr/bin/ld option to reload object files
configure:4644: result: -r
configure:4718: checking for objdump
configure:4734: found /usr/bin/objdump
configure:4745: result: objdump
configure:4777: checking how to recognize dependent libraries
configure:4979: result: pass_all
configure:5064: checking for dlltool
configure:5094: result: no
configure:5124: checking how to associate runtime and link libraries
configure:5151: result: printf %s\n
configure:5212: checking for ar
configure:5228: found /usr/bin/ar
configure:5239: result: ar
configure:5276: checking for archiver @FILE support
configure:5293: gcc -c -g -O2  conftest.c >&5
configure:5293: $? = 0
configure:5296: ar cru libconftest.a @conftest.lst >&5
configure:5299: $? = 0
configure:5304: ar cru libconftest.a @conftest.lst >&5
ar: conftest.o: No such file or directory
configure:5307: $? = 1
configure:5319: result: @
configure:5377: checking for strip
configure:5393: found /usr/bin/strip
configure:5404: result: strip
configure:5476: checking for ranlib
configure:5492: found /usr/bin/ranlib
configure:5503: result: ranlib
configure:5605: checking command to parse /usr/bin/nm -B output from gcc object
configure:5725: gcc -c -g -O2  conftest.c >&5
configure:5728: $? = 0
configure:5732: /usr/bin/nm -B conftest.o \| sed -n -e 's/^.*[ ]\([ABCDGIRSTW][ABCDGIRSTW]*\)[ ][ ]*\([_A-Za-z][_A-Za-z0-9]*\)$/\1 \2 \2/p' | sed '/ __gnu_lto/d' \> conftest.nm
configure:5735: $? = 0
configure:5801: gcc -o conftest -g -O2   conftest.c conftstm.o >&5
configure:5804: $? = 0
configure:5842: result: ok
configure:5879: checking for sysroot
configure:5909: result: no
configure:5986: gcc -c -g -O2  conftest.c >&5
configure:5989: $? = 0
configure:6165: checking for mt
configure:6195: result: no
configure:6215: checking if : is a manifest tool
configure:6221: : '-?'
configure:6229: result: no
configure:6871: checking how to run the C preprocessor
configure:6902: gcc -E  conftest.c
configure:6902: $? = 0
configure:6916: gcc -E  conftest.c
conftest.c:11:28: fatal error: ac_nonexistent.h: No such file or directory
compilation terminated.
configure:6916: $? = 1
configure: failed program was:
| /* confdefs.h */
| #define PACKAGE_NAME "MakeExample"
| #define PACKAGE_TARNAME "makeexample"
| #define PACKAGE_VERSION "1.0"
| #define PACKAGE_STRING "MakeExample 1.0"
| #define PACKAGE_BUGREPORT ""
| #define PACKAGE_URL ""
| #define PACKAGE "makeexample"
| #define VERSION "1.0"
| /* end confdefs.h.  */
| #include <ac_nonexistent.h>
configure:6941: result: gcc -E
configure:6961: gcc -E  conftest.c
configure:6961: $? = 0
configure:6975: gcc -E  conftest.c
conftest.c:11:28: fatal error: ac_nonexistent.h: No such file or directory
compilation terminated.
configure:6975: $? = 1
configure: failed program was:
| /* confdefs.h */
| #define PACKAGE_NAME "MakeExample"
| #define PACKAGE_TARNAME "makeexample"
| #define PACKAGE_VERSION "1.0"
| #define PACKAGE_STRING "MakeExample 1.0"
| #define PACKAGE_BUGREPORT ""
| #define PACKAGE_URL ""
| #define PACKAGE "makeexample"
| #define VERSION "1.0"
| /* end confdefs.h.  */
| #include <ac_nonexistent.h>
configure:7004: checking for ANSI C header files
configure:7024: gcc -c -g -O2  conftest.c >&5
configure:7024: $? = 0
configure:7097: gcc -o conftest -g -O2   conftest.c  >&5
configure:7097: $? = 0
configure:7097: ./conftest
configure:7097: $? = 0
configure:7108: result: yes
configure:7121: checking for sys/types.h
configure:7121: gcc -c -g -O2  conftest.c >&5
configure:7121: $? = 0
configure:7121: result: yes
configure:7121: checking for sys/stat.h
configure:7121: gcc -c -g -O2  conftest.c >&5
configure:7121: $? = 0
configure:7121: result: yes
configure:7121: checking for stdlib.h
configure:7121: gcc -c -g -O2  conftest.c >&5
configure:7121: $? = 0
configure:7121: result: yes
configure:7121: checking for string.h
configure:7121: gcc -c -g -O2  conftest.c >&5
configure:7121: $? = 0
configure:7121: result: yes
configure:7121: checking for memory.h
configure:7121: gcc -c -g -O2  conftest.c >&5
configure:7121: $? = 0
configure:7121: result: yes
configure:7121: checking for strings.h
configure:7121: gcc -c -g -O2  conftest.c >&5
configure:7121: $? = 0
configure:7121: result: yes
configure:7121: checking for inttypes.h
configure:7121: gcc -c -g -O2  conftest.c >&5
configure:7121: $? = 0
configure:7121: result: yes
configure:7121: checking for stdint.h
configure:7121: gcc -c -g -O2  conftest.c >&5
configure:7121: $? = 0
configure:7121: result: yes
configure:7121: checking for unistd.h
configure:7121: gcc -c -g -O2  conftest.c >&5
configure:7121: $? = 0
configure:7121: result: yes
configure:7135: checking for dlfcn.h
configure:7135: gcc -c -g -O2  conftest.c >&5
configure:7135: $? = 0
configure:7135: result: yes
configure:7341: checking for objdir
configure:7356: result: .libs
configure:7623: checking if gcc supports -fno-rtti -fno-exceptions
configure:7641: gcc -c -g -O2  -fno-rtti -fno-exceptions conftest.c >&5
cc1: warning: command line option '-fno-rtti' is valid for C++/ObjC++ but not for C [enabled by default]
configure:7645: $? = 0
configure:7658: result: no
configure:7985: checking for gcc option to produce PIC
configure:7992: result: -fPIC -DPIC
configure:8000: checking if gcc PIC flag -fPIC -DPIC works
configure:8018: gcc -c -g -O2  -fPIC -DPIC -DPIC conftest.c >&5
configure:8022: $? = 0
configure:8035: result: yes
configure:8064: checking if gcc static flag -static works
configure:8092: result: no
configure:8107: checking if gcc supports -c -o file.o
configure:8128: gcc -c -g -O2  -o out/conftest2.o conftest.c >&5
configure:8132: $? = 0
configure:8154: result: yes
configure:8162: checking if gcc supports -c -o file.o
configure:8209: result: yes
configure:8242: checking whether the gcc linker (/usr/bin/ld -m elf_x86_64) supports shared libraries
configure:9395: result: yes
configure:9432: checking whether -lc should be explicitly linked in
configure:9440: gcc -c -g -O2  conftest.c >&5
configure:9443: $? = 0
configure:9458: gcc -shared  -fPIC -DPIC conftest.o  -v -Wl,-soname -Wl,conftest -o conftest 2\>\&1 \| /usr/bin/grep  -lc  \>/dev/null 2\>\&1
configure:9461: $? = 0
configure:9475: result: no
configure:9635: checking dynamic linker characteristics
configure:10146: gcc -o conftest -g -O2   -Wl,-rpath -Wl,/foo conftest.c  >&5
configure:10146: $? = 0
configure:10372: result: GNU/Linux ld.so
configure:10479: checking how to hardcode library paths into programs
configure:10504: result: immediate
configure:11044: checking whether stripping libraries is possible
configure:11049: result: yes
configure:11084: checking if libtool supports shared libraries
configure:11086: result: yes
configure:11089: checking whether to build shared libraries
configure:11110: result: yes
configure:11113: checking whether to build static libraries
configure:11117: result: yes
configure:11323: creating ./config.status

## ---------------------- ##
## Running config.status. ##
## ---------------------- ##

This file was extended by MakeExample config.status 1.0, which was
generated by GNU Autoconf 2.68.  Invocation command line was

  CONFIG_FILES    = 
  CONFIG_HEADERS  = 
  CONFIG_LINKS    = 
  CONFIG_COMMANDS = 
  $ ./config.status 

on tinfoil

config.status:1011: creating Makefile
config.status:1011: creating src/Makefile
config.status:1183: executing depfiles commands
config.status:1183: executing libtool commands

## ---------------- ##
## Cache variables. ##
## ---------------- ##

ac_cv_build=x86_64-unknown-linux-gnu
ac_cv_c_compiler_gnu=yes
ac_cv_env_CC_set=
ac_cv_env_CC_value=
ac_cv_env_CFLAGS_set=
ac_cv_env_CFLAGS_value=
ac_cv_env_CPPFLAGS_set=
ac_cv_env_CPPFLAGS_value=
ac_cv_env_CPP_set=
ac_cv_env_CPP_value=
ac_cv_env_LDFLAGS_set=
ac_cv_env_LDFLAGS_value=
ac_cv_env_LIBS_set=
ac_cv_env_LIBS_value=
ac_cv_env_build_alias_set=
ac_cv_env_build_alias_value=
ac_cv_env_host_alias_set=
ac_cv_env_host_alias_value=
ac_cv_env_target_alias_set=
ac_cv_env_target_alias_value=
ac_cv_header_dlfcn_h=yes
ac_cv_header_inttypes_h=yes
ac_cv_header_memory_h=yes
ac_cv_header_stdc=yes
ac_cv_header_stdint_h=yes
ac_cv_header_stdlib_h=yes
ac_cv_header_string_h=yes
ac_cv_header_strings_h=yes
ac_cv_header_sys_stat_h=yes
ac_cv_header_sys_types_h=yes
ac_cv_header_unistd_h=yes
ac_cv_host=x86_64-unknown-linux-gnu
ac_cv_objext=o
ac_cv_path_EGREP='/usr/bin/grep -E'
ac_cv_path_FGREP='/usr/bin/grep -F'
ac_cv_path_GREP=/usr/bin/grep
ac_cv_path_SED=/usr/bin/sed
ac_cv_path_install='/usr/bin/install -c'
ac_cv_path_mkdir=/usr/bin/mkdir
ac_cv_prog_AWK=gawk
ac_cv_prog_CPP='gcc -E'
ac_cv_prog_ac_ct_AR=ar
ac_cv_prog_ac_ct_CC=gcc
ac_cv_prog_ac_ct_OBJDUMP=objdump
ac_cv_prog_ac_ct_RANLIB=ranlib
ac_cv_prog_ac_ct_STRIP=strip
ac_cv_prog_cc_c89=
ac_cv_prog_cc_g=yes
ac_cv_prog_make_make_set=yes
am_cv_CC_dependencies_compiler_type=gcc3
lt_cv_ar_at_file=@
lt_cv_archive_cmds_need_lc=no
lt_cv_deplibs_check_method=pass_all
lt_cv_file_magic_cmd='$MAGIC_CMD'
lt_cv_file_magic_test_file=
lt_cv_ld_reload_flag=-r
lt_cv_nm_interface='BSD nm'
lt_cv_objdir=.libs
lt_cv_path_LD=/usr/bin/ld
lt_cv_path_NM='/usr/bin/nm -B'
lt_cv_path_mainfest_tool=no
lt_cv_prog_compiler_c_o=yes
lt_cv_prog_compiler_pic='-fPIC -DPIC'
lt_cv_prog_compiler_pic_works=yes
lt_cv_prog_compiler_rtti_exceptions=no
lt_cv_prog_compiler_static_works=no
lt_cv_prog_gnu_ld=yes
lt_cv_sharedlib_from_linklib_cmd='printf %s\n'
lt_cv_shlibpath_overrides_runpath=no
lt_cv_sys_global_symbol_pipe='sed -n -e '\''s/^.*[	 ]\([ABCDGIRSTW][ABCDGIRSTW]*\)[	 ][	 ]*\([_A-Za-z][_A-Za-z0-9]*\)$/\1 \2 \2/p'\'' | sed '\''/ __gnu_lto/d'\'''
lt_cv_sys_global_symbol_to_c_name_address='sed -n -e '\''s/^: \([^ ]*\)[ ]*$/  {\"\1\", (void *) 0},/p'\'' -e '\''s/^[ABCDGIRSTW]* \([^ ]*\) \([^ ]*\)$/  {"\2", (void *) \&\2},/p'\'''
lt_cv_sys_global_symbol_to_c_name_address_lib_prefix='sed -n -e '\''s/^: \([^ ]*\)[ ]*$/  {\"\1\", (void *) 0},/p'\'' -e '\''s/^[ABCDGIRSTW]* \([^ ]*\) \(lib[^ ]*\)$/  {"\2", (void *) \&\2},/p'\'' -e '\''s/^[ABCDGIRSTW]* \([^ ]*\) \([^ ]*\)$/  {"lib\2", (void *) \&\2},/p'\'''
lt_cv_sys_global_symbol_to_cdecl='sed -n -e '\''s/^T .* \(.*\)$/extern int \1();/p'\'' -e '\''s/^[ABCDGIRSTW]* .* \(.*\)$/extern char \1;/p'\'''
lt_cv_sys_max_cmd_len=1572864
lt_cv_to_host_file_cmd=func_convert_file_noop
lt_cv_to_tool_file_cmd=func_convert_file_noop

## ----------------- ##
## Output variables. ##
## ----------------- ##

ACLOCAL='${SHELL} /home/djuliano/dev/source/CExamples/MakeExample6/build-aux/missing --run aclocal-1.11'
AMDEPBACKSLASH='\'
AMDEP_FALSE='#'
AMDEP_TRUE=''
AMTAR='$${TAR-tar}'
AR='ar'
AUTOCONF='${SHELL} /home/djuliano/dev/source/CExamples/MakeExample6/build-aux/missing --run autoconf'
AUTOHEADER='${SHELL} /home/djuliano/dev/source/CExamples/MakeExample6/build-aux/missing --run autoheader'
AUTOMAKE='${SHELL} /home/djuliano/dev/source/CExamples/MakeExample6/build-aux/missing --run automake-1.11'
AWK='gawk'
CC='gcc'
CCDEPMODE='depmode=gcc3'
CFLAGS='-g -O2'
CPP='gcc -E'
CPPFLAGS=''
CYGPATH_W='echo'
DEFS='-DPACKAGE_NAME=\"MakeExample\" -DPACKAGE_TARNAME=\"makeexample\" -DPACKAGE_VERSION=\"1.0\" -DPACKAGE_STRING=\"MakeExample\ 1.0\" -DPACKAGE_BUGREPORT=\"\" -DPACKAGE_URL=\"\" -DPACKAGE=\"makeexample\" -DVERSION=\"1.0\" -DSTDC_HEADERS=1 -DHAVE_SYS_TYPES_H=1 -DHAVE_SYS_STAT_H=1 -DHAVE_STDLIB_H=1 -DHAVE_STRING_H=1 -DHAVE_MEMORY_H=1 -DHAVE_STRINGS_H=1 -DHAVE_INTTYPES_H=1 -DHAVE_STDINT_H=1 -DHAVE_UNISTD_H=1 -DHAVE_DLFCN_H=1 -DLT_OBJDIR=\".libs/\"'
DEPDIR='.deps'
DLLTOOL='false'
DSYMUTIL=''
DUMPBIN=''
ECHO_C=''
ECHO_N='-n'
ECHO_T=''
EGREP='/usr/bin/grep -E'
EXEEXT=''
FGREP='/usr/bin/grep -F'
GREP='/usr/bin/grep'
INSTALL_DATA='${INSTALL} -m 644'
INSTALL_PROGRAM='${INSTALL}'
INSTALL_SCRIPT='${INSTALL}'
INSTALL_STRIP_PROGRAM='$(install_sh) -c -s'
LD='/usr/bin/ld -m elf_x86_64'
LDFLAGS=''
LIBOBJS=''
LIBS=''
LIBTOOL='$(SHELL) $(top_builddir)/libtool'
LIPO=''
LN_S='ln -s'
LTLIBOBJS=''
MAKEINFO='${SHELL} /home/djuliano/dev/source/CExamples/MakeExample6/build-aux/missing --run makeinfo'
MANIFEST_TOOL=':'
MKDIR_P='/usr/bin/mkdir -p'
NM='/usr/bin/nm -B'
NMEDIT=''
OBJDUMP='objdump'
OBJEXT='o'
OTOOL64=''
OTOOL=''
PACKAGE='makeexample'
PACKAGE_BUGREPORT=''
PACKAGE_NAME='MakeExample'
PACKAGE_STRING='MakeExample 1.0'
PACKAGE_TARNAME='makeexample'
PACKAGE_URL=''
PACKAGE_VERSION='1.0'
PATH_SEPARATOR=':'
RANLIB='ranlib'
SED='/usr/bin/sed'
SET_MAKE=''
SHELL='/bin/sh'
STRIP='strip'
VERSION='1.0'
ac_ct_AR='ar'
ac_ct_CC='gcc'
ac_ct_DUMPBIN=''
am__EXEEXT_FALSE=''
am__EXEEXT_TRUE='#'
am__fastdepCC_FALSE='#'
am__fastdepCC_TRUE=''
am__include='include'
am__isrc=''
am__leading_dot='.'
am__nodep='_no'
am__quote=''
am__tar='$${TAR-tar} chof - "$$tardir"'
am__untar='$${TAR-tar} xf -'
bindir='${exec_prefix}/bin'
build='x86_64-unknown-linux-gnu'
build_alias=''
build_cpu='x86_64'
build_os='linux-gnu'
build_vendor='unknown'
datadir='${datarootdir}'
datarootdir='${prefix}/share'
docdir='${datarootdir}/doc/${PACKAGE_TARNAME}'
dvidir='${docdir}'
exec_prefix='${prefix}'
host='x86_64-unknown-linux-gnu'
host_alias=''
host_cpu='x86_64'
host_os='linux-gnu'
host_vendor='unknown'
htmldir='${docdir}'
includedir='${prefix}/include'
infodir='${datarootdir}/info'
install_sh='${SHELL} /home/djuliano/dev/source/CExamples/MakeExample6/build-aux/install-sh'
libdir='${exec_prefix}/lib'
libexecdir='${exec_prefix}/libexec'
localedir='${datarootdir}/locale'
localstatedir='${prefix}/var'
mandir='${datarootdir}/man'
mkdir_p='/usr/bin/mkdir -p'
oldincludedir='/usr/include'
pdfdir='${docdir}'
prefix='/usr/local'
program_transform_name='s,x,x,'
psdir='${docdir}'
sbindir='${exec_prefix}/sbin'
sharedstatedir='${prefix}/com'
sysconfdir='${prefix}/etc'
target_alias=''

## ----------- ##
## confdefs.h. ##
## ----------- ##

/* confdefs.h */
#define PACKAGE_NAME "MakeExample"
#define PACKAGE_TARNAME "makeexample"
#define PACKAGE_VERSION "1.0"
#define PACKAGE_STRING "MakeExample 1.0"
#define PACKAGE_BUGREPORT ""
#define PACKAGE_URL ""
#define PACKAGE "makeexample"
#define VERSION "1.0"
#define STDC_HEADERS 1
#define HAVE_SYS_TYPES_H 1
#define HAVE_SYS_STAT_H 1
#define HAVE_STDLIB_H 1
#define HAVE_STRING_H 1
#define HAVE_MEMORY_H 1
#define HAVE_STRINGS_H 1
#define HAVE_INTTYPES_H 1
#define HAVE_STDINT_H 1
#define HAVE_UNISTD_H 1
#define HAVE_DLFCN_H 1
#define LT_OBJDIR ".libs/"

configure: exit 0
